[debug] [2025-10-10T14:39:31.233Z] ----------------------------------------------------------------------
[debug] [2025-10-10T14:39:31.235Z] Command:       C:\Program Files\nodejs\node.exe C:\Users\User\AppData\Roaming\npm\node_modules\firebase-tools\lib\bin\firebase.js init hosting
[debug] [2025-10-10T14:39:31.236Z] CLI Version:   14.19.1
[debug] [2025-10-10T14:39:31.236Z] Platform:      win32
[debug] [2025-10-10T14:39:31.236Z] Node Version:  v22.12.0
[debug] [2025-10-10T14:39:31.236Z] Time:          Fri Oct 10 2025 15:39:31 GMT+0100 (West Africa Standard Time)
[debug] [2025-10-10T14:39:31.236Z] ----------------------------------------------------------------------
[debug] 
[info] 
     ######## #### ########  ######## ########     ###     ######  ########
     ##        ##  ##     ## ##       ##     ##  ##   ##  ##       ##
     ######    ##  ########  ######   ########  #########  ######  ######
     ##        ##  ##    ##  ##       ##     ## ##     ##       ## ##
     ##       #### ##     ## ######## ########  ##     ##  ######  ########

You're about to initialize a Firebase project in this directory:

  C:\Users\User\Documents\attendance-system

Before we get started, keep in mind:

  * You are initializing within an existing Firebase project directory

[info] 
=== Project Setup
[info] 
[info] First, let's associate this project directory with a Firebase project.
[info] You can create multiple project aliases by running firebase use --add, 
[info] 
[debug] [2025-10-10T14:39:39.859Z] > command requires scopes: ["email","openid","https://www.googleapis.com/auth/cloudplatformprojects.readonly","https://www.googleapis.com/auth/firebase","https://www.googleapis.com/auth/cloud-platform"]
[debug] [2025-10-10T14:39:39.859Z] > authorizing via signed-in user (victorchuma1b3@gmail.com)
[debug] [2025-10-10T14:39:39.860Z] Checked if tokens are valid: false, expires at: 1760103870174
[debug] [2025-10-10T14:39:39.860Z] Checked if tokens are valid: false, expires at: 1760103870174
[debug] [2025-10-10T14:39:39.860Z] > refreshing access token with scopes: []
[debug] [2025-10-10T14:39:39.863Z] >>> [apiv2][query] POST https://www.googleapis.com/oauth2/v3/token [none]
[debug] [2025-10-10T14:39:39.863Z] >>> [apiv2][body] POST https://www.googleapis.com/oauth2/v3/token [omitted]
[debug] [2025-10-10T14:39:42.186Z] <<< [apiv2][status] POST https://www.googleapis.com/oauth2/v3/token 200
[debug] [2025-10-10T14:39:42.187Z] <<< [apiv2][body] POST https://www.googleapis.com/oauth2/v3/token [omitted]
[debug] [2025-10-10T14:39:42.200Z] >>> [apiv2][query] GET https://firebase.googleapis.com/v1beta1/projects/presence365-5cf3c [none]
[debug] [2025-10-10T14:39:45.686Z] <<< [apiv2][status] GET https://firebase.googleapis.com/v1beta1/projects/presence365-5cf3c 200
[debug] [2025-10-10T14:39:45.687Z] <<< [apiv2][body] GET https://firebase.googleapis.com/v1beta1/projects/presence365-5cf3c {"projectId":"presence365-5cf3c","projectNumber":"430893253567","displayName":"presence365","name":"projects/presence365-5cf3c","resources":{"hostingSite":"presence365-5cf3c"},"state":"ACTIVE","etag":"1_73430949-9df4-48af-9845-82a9ef9ca8c4"}
[info] i  Using project presence365-5cf3c (presence365) . 
[info] 
=== Hosting Setup
[debug] [2025-10-10T14:39:46.316Z] Checked if tokens are valid: true, expires at: 1760110781187
[debug] [2025-10-10T14:39:46.316Z] Checked if tokens are valid: true, expires at: 1760110781187
[debug] [2025-10-10T14:39:46.317Z] >>> [apiv2][query] GET https://firebase.googleapis.com/v1beta1/projects/presence365-5cf3c [none]
[debug] [2025-10-10T14:39:46.716Z] <<< [apiv2][status] GET https://firebase.googleapis.com/v1beta1/projects/presence365-5cf3c 200
[debug] [2025-10-10T14:39:46.716Z] <<< [apiv2][body] GET https://firebase.googleapis.com/v1beta1/projects/presence365-5cf3c {"projectId":"presence365-5cf3c","projectNumber":"430893253567","displayName":"presence365","name":"projects/presence365-5cf3c","resources":{"hostingSite":"presence365-5cf3c"},"state":"ACTIVE","etag":"1_73430949-9df4-48af-9845-82a9ef9ca8c4"}
